<?xml version="1.0" encoding="UTF-8"?>
<!-- Generated by org.testng.reporters.JUnitXMLReporter -->
<testsuite hostname="LAPTOP-8DAJL6E8" ignored="0" name="Login page Test --FF" tests="3" failures="0" timestamp="09 Dec 2020 21:57:18 GMT" time="104.842" errors="0">
  <testcase name="verifyLoginPageTitleTest" time="0.708" classname="com.qa.newtours.test.LoginPageTest"/>
  <testcase name="verifySignUpLinkTest" time="5.824" classname="com.qa.newtours.test.LoginPageTest"/>
  <testcase name="loginTest" time="21.213" classname="com.qa.newtours.test.LoginPageTest"/>
</testsuite> <!-- Login page Test -FF -->
