<?xml version="1.0" encoding="UTF-8"?>
<!-- Generated by org.testng.reporters.JUnitXMLReporter -->
<testsuite hostname="LAPTOP-8DAJL6E8" ignored="0" name="Login page Tes - Chromet" tests="3" failures="0" timestamp="09 Dec 2020 20:52:27 GMT" time="26.253" errors="0">
  <testcase name="verifySignUpLinkTest" time="3.647" classname="com.qa.newtours.test.LoginPageTest"/>
  <testcase name="verifyLoginPageTitleTest" time="0.373" classname="com.qa.newtours.test.LoginPageTest"/>
  <testcase name="loginTest" time="6.747" classname="com.qa.newtours.test.LoginPageTest"/>
</testsuite> <!-- Login page Tes - Chromet -->
