<?xml version="1.0" encoding="UTF-8"?>
<!-- Generated by org.testng.reporters.JUnitXMLReporter -->
<testsuite hostname="LAPTOP-8DAJL6E8" ignored="0" name="Login page Test - Chrome" tests="3" failures="0" timestamp="09 Dec 2020 21:57:01 GMT" time="88.001" errors="0">
  <testcase name="verifyLoginPageTitleTest" time="0.501" classname="com.qa.newtours.test.LoginPageTest"/>
  <testcase name="verifySignUpLinkTest" time="23.972" classname="com.qa.newtours.test.LoginPageTest"/>
  <testcase name="loginTest" time="15.521" classname="com.qa.newtours.test.LoginPageTest"/>
</testsuite> <!-- Login page Test - Chrome -->
