<?xml version="1.0" encoding="UTF-8"?>
<!-- Generated by org.testng.reporters.JUnitXMLReporter -->
<testsuite hostname="LAPTOP-8DAJL6E8" ignored="0" name="Registration Test firefox" tests="2" failures="0" timestamp="11 Dec 2020 04:52:18 GMT" time="67.385" errors="0">
  <testcase name="userRegistrationTest" time="20.891" classname="com.qa.newtours.test.RegisterPageTest"/>
  <testcase name="registrationMessage" time="1.103" classname="com.qa.newtours.test.RegisterPageTest"/>
</testsuite> <!-- Registration Test firefox -->
