<?xml version="1.0" encoding="UTF-8"?>
<!-- Generated by org.testng.reporters.JUnitXMLReporter -->
<testsuite hostname="LAPTOP-8DAJL6E8" ignored="0" name="Registration Test Chrome" tests="2" failures="0" timestamp="11 Dec 2020 04:51:51 GMT" time="40.432" errors="0">
  <testcase name="userRegistrationTest" time="25.67" classname="com.qa.newtours.test.RegisterPageTest"/>
  <testcase name="registrationMessage" time="1.066" classname="com.qa.newtours.test.RegisterPageTest"/>
</testsuite> <!-- Registration Test Chrome -->
