<?xml version="1.0" encoding="UTF-8"?>
<!-- Generated by org.testng.reporters.JUnitXMLReporter -->
<testsuite hostname="LAPTOP-8DAJL6E8" ignored="0" name="Login page Test --FF" tests="3" failures="0" timestamp="10 Dec 2020 05:39:38 GMT" time="95.427" errors="0">
  <testcase name="verifyLoginPageTitleTest" time="0.569" classname="com.qa.newtours.test.LoginPageTest"/>
  <testcase name="verifySignUpLinkTest" time="1.581" classname="com.qa.newtours.test.LoginPageTest"/>
  <testcase name="loginTest" time="9.805" classname="com.qa.newtours.test.LoginPageTest"/>
</testsuite> <!-- Login page Test -FF -->
