<?xml version="1.0" encoding="UTF-8"?>
<!-- Generated by org.testng.reporters.JUnitXMLReporter -->
<testsuite hostname="LAPTOP-8DAJL6E8" ignored="0" name="Login page Test - Chrome" tests="3" failures="0" timestamp="10 Dec 2020 05:39:46 GMT" time="103.044" errors="0">
  <testcase name="verifyLoginPageTitleTest" time="32.117" classname="com.qa.newtours.test.LoginPageTest"/>
  <testcase name="verifySignUpLinkTest" time="7.31" classname="com.qa.newtours.test.LoginPageTest"/>
  <testcase name="loginTest" time="7.246" classname="com.qa.newtours.test.LoginPageTest"/>
</testsuite> <!-- Login page Test - Chrome -->
