<?xml version="1.0" encoding="UTF-8"?>
<!-- Generated by org.testng.reporters.JUnitXMLReporter -->
<testsuite hostname="LAPTOP-8DAJL6E8" ignored="0" name="Login page Test --FF" tests="3" failures="0" timestamp="11 Dec 2020 05:21:52 GMT" time="51.514" errors="0">
  <testcase name="verifyLoginPageTitleTest" time="0.072" classname="com.qa.newtours.test.LoginPageTest"/>
  <testcase name="verifySignUpLinkTest" time="1.756" classname="com.qa.newtours.test.LoginPageTest"/>
  <testcase name="loginTest" time="5.761" classname="com.qa.newtours.test.LoginPageTest"/>
</testsuite> <!-- Login page Test -FF -->
