<?xml version="1.0" encoding="UTF-8"?>
<!-- Generated by org.testng.reporters.JUnitXMLReporter -->
<testsuite hostname="LAPTOP-8DAJL6E8" ignored="0" name="Login page Test - Chrome" tests="3" failures="0" timestamp="11 Dec 2020 05:21:27 GMT" time="26.702" errors="0">
  <testcase name="verifyLoginPageTitleTest" time="0.308" classname="com.qa.newtours.test.LoginPageTest"/>
  <testcase name="verifySignUpLinkTest" time="4.112" classname="com.qa.newtours.test.LoginPageTest"/>
  <testcase name="loginTest" time="11.536" classname="com.qa.newtours.test.LoginPageTest"/>
</testsuite> <!-- Login page Test - Chrome -->
