<?xml version="1.0" encoding="UTF-8"?>
<!-- Generated by org.testng.reporters.JUnitXMLReporter -->
<testsuite hostname="LAPTOP-8DAJL6E8" ignored="0" name="Registration Test firefox" tests="2" failures="0" timestamp="10 Dec 2020 21:20:05 GMT" time="75.061" errors="0">
  <testcase name="userRegistrationTest" time="15.342" classname="com.qa.newtours.test.RegisterPageTest"/>
  <testcase name="registrationMessage" time="0.888" classname="com.qa.newtours.test.RegisterPageTest"/>
</testsuite> <!-- Registration Test firefox -->
