<?xml version="1.0" encoding="UTF-8"?>
<!-- Generated by org.testng.reporters.JUnitXMLReporter -->
<testsuite hostname="LAPTOP-8DAJL6E8" ignored="0" name="Registration Test Chrome" tests="2" failures="0" timestamp="10 Dec 2020 21:19:33 GMT" time="43.377" errors="0">
  <testcase name="userRegistrationTest" time="18.002" classname="com.qa.newtours.test.RegisterPageTest"/>
  <testcase name="registrationMessage" time="1.108" classname="com.qa.newtours.test.RegisterPageTest"/>
</testsuite> <!-- Registration Test Chrome -->
