<?xml version="1.0" encoding="UTF-8"?>
<testng-results skipped="0" failed="0" ignored="0" total="4" passed="4">
  <reporter-output>
  </reporter-output>
  <suite name="Suite" duration-ms="75061" started-at="2020-12-10T21:18:50Z" finished-at="2020-12-10T21:20:05Z">
    <groups>
    </groups>
    <test name="Registration Test Chrome" duration-ms="43377" started-at="2020-12-10T21:18:50Z" finished-at="2020-12-10T21:19:33Z">
      <class name="com.qa.newtours.test.RegisterPageTest">
        <test-method status="PASS" signature="setUp(java.lang.String)[pri:0, instance:com.qa.newtours.test.RegisterPageTest@5ad10c1a]" name="setUp" is-config="true" duration-ms="12309" started-at="2020-12-10T21:18:50Z" finished-at="2020-12-10T21:19:02Z">
          <params>
            <param index="0">
              <value>
                <![CDATA[chrome]]>
              </value>
            </param>
          </params>
          <reporter-output>
          </reporter-output>
        </test-method> <!-- setUp -->
        <test-method status="PASS" signature="registratioPAgeSetup()[pri:0, instance:com.qa.newtours.test.RegisterPageTest@5ad10c1a]" name="registratioPAgeSetup" is-config="true" duration-ms="10264" started-at="2020-12-10T21:19:02Z" finished-at="2020-12-10T21:19:13Z">
          <reporter-output>
          </reporter-output>
        </test-method> <!-- registratioPAgeSetup -->
        <test-method status="PASS" signature="userRegistrationTest()[pri:1, instance:com.qa.newtours.test.RegisterPageTest@5ad10c1a]" name="userRegistrationTest" duration-ms="18002" started-at="2020-12-10T21:19:13Z" finished-at="2020-12-10T21:19:31Z">
          <reporter-output>
          </reporter-output>
        </test-method> <!-- userRegistrationTest -->
        <test-method status="PASS" signature="registrationMessage()[pri:2, instance:com.qa.newtours.test.RegisterPageTest@5ad10c1a]" name="registrationMessage" duration-ms="1108" started-at="2020-12-10T21:19:31Z" finished-at="2020-12-10T21:19:32Z">
          <reporter-output>
          </reporter-output>
        </test-method> <!-- registrationMessage -->
        <test-method status="PASS" signature="tearDown()[pri:0, instance:com.qa.newtours.test.RegisterPageTest@5ad10c1a]" name="tearDown" is-config="true" duration-ms="1077" started-at="2020-12-10T21:19:32Z" finished-at="2020-12-10T21:19:33Z">
          <reporter-output>
          </reporter-output>
        </test-method> <!-- tearDown -->
      </class> <!-- com.qa.newtours.test.RegisterPageTest -->
    </test> <!-- Registration Test Chrome -->
    <test name="Registration Test firefox" duration-ms="75061" started-at="2020-12-10T21:18:50Z" finished-at="2020-12-10T21:20:05Z">
      <class name="com.qa.newtours.test.RegisterPageTest">
        <test-method status="PASS" signature="setUp(java.lang.String)[pri:0, instance:com.qa.newtours.test.RegisterPageTest@1252b961]" name="setUp" is-config="true" duration-ms="48996" started-at="2020-12-10T21:18:50Z" finished-at="2020-12-10T21:19:39Z">
          <params>
            <param index="0">
              <value>
                <![CDATA[firefox]]>
              </value>
            </param>
          </params>
          <reporter-output>
          </reporter-output>
        </test-method> <!-- setUp -->
        <test-method status="PASS" signature="registratioPAgeSetup()[pri:0, instance:com.qa.newtours.test.RegisterPageTest@1252b961]" name="registratioPAgeSetup" is-config="true" duration-ms="3712" started-at="2020-12-10T21:19:39Z" finished-at="2020-12-10T21:19:43Z">
          <reporter-output>
          </reporter-output>
        </test-method> <!-- registratioPAgeSetup -->
        <test-method status="PASS" signature="userRegistrationTest()[pri:1, instance:com.qa.newtours.test.RegisterPageTest@1252b961]" name="userRegistrationTest" duration-ms="15342" started-at="2020-12-10T21:19:43Z" finished-at="2020-12-10T21:19:58Z">
          <reporter-output>
          </reporter-output>
        </test-method> <!-- userRegistrationTest -->
        <test-method status="PASS" signature="registrationMessage()[pri:2, instance:com.qa.newtours.test.RegisterPageTest@1252b961]" name="registrationMessage" duration-ms="888" started-at="2020-12-10T21:19:58Z" finished-at="2020-12-10T21:19:59Z">
          <reporter-output>
          </reporter-output>
        </test-method> <!-- registrationMessage -->
        <test-method status="PASS" signature="tearDown()[pri:0, instance:com.qa.newtours.test.RegisterPageTest@1252b961]" name="tearDown" is-config="true" duration-ms="6091" started-at="2020-12-10T21:19:59Z" finished-at="2020-12-10T21:20:05Z">
          <reporter-output>
          </reporter-output>
        </test-method> <!-- tearDown -->
      </class> <!-- com.qa.newtours.test.RegisterPageTest -->
    </test> <!-- Registration Test firefox -->
  </suite> <!-- Suite -->
</testng-results>
