<?xml version="1.0" encoding="UTF-8"?>
<testng-results skipped="0" failed="0" ignored="0" total="6" passed="6">
  <reporter-output>
  </reporter-output>
  <suite name="Suite" duration-ms="51514" started-at="2020-12-11T05:21:01Z" finished-at="2020-12-11T05:21:52Z">
    <groups>
    </groups>
    <test name="Login page Test - Chrome" duration-ms="26702" started-at="2020-12-11T05:21:01Z" finished-at="2020-12-11T05:21:27Z">
      <class name="com.qa.newtours.test.LoginPageTest">
        <test-method status="PASS" signature="setUp(java.lang.String)[pri:0, instance:com.qa.newtours.test.LoginPageTest@76adb233]" name="setUp" is-config="true" duration-ms="9190" started-at="2020-12-11T05:21:01Z" finished-at="2020-12-11T05:21:10Z">
          <params>
            <param index="0">
              <value>
                <![CDATA[chrome]]>
              </value>
            </param>
          </params>
          <reporter-output>
          </reporter-output>
        </test-method> <!-- setUp -->
        <test-method status="PASS" signature="verifyLoginPageTitleTest()[pri:1, instance:com.qa.newtours.test.LoginPageTest@76adb233]" name="verifyLoginPageTitleTest" duration-ms="308" started-at="2020-12-11T05:21:10Z" finished-at="2020-12-11T05:21:10Z">
          <reporter-output>
          </reporter-output>
        </test-method> <!-- verifyLoginPageTitleTest -->
        <test-method status="PASS" signature="verifySignUpLinkTest()[pri:2, instance:com.qa.newtours.test.LoginPageTest@76adb233]" name="verifySignUpLinkTest" duration-ms="4112" started-at="2020-12-11T05:21:11Z" finished-at="2020-12-11T05:21:15Z">
          <reporter-output>
          </reporter-output>
        </test-method> <!-- verifySignUpLinkTest -->
        <test-method status="PASS" signature="loginTest()[pri:3, instance:com.qa.newtours.test.LoginPageTest@76adb233]" name="loginTest" duration-ms="11536" started-at="2020-12-11T05:21:15Z" finished-at="2020-12-11T05:21:26Z">
          <reporter-output>
          </reporter-output>
        </test-method> <!-- loginTest -->
        <test-method status="PASS" signature="tearDown()[pri:0, instance:com.qa.newtours.test.LoginPageTest@76adb233]" name="tearDown" is-config="true" duration-ms="1164" started-at="2020-12-11T05:21:26Z" finished-at="2020-12-11T05:21:27Z">
          <reporter-output>
          </reporter-output>
        </test-method> <!-- tearDown -->
      </class> <!-- com.qa.newtours.test.LoginPageTest -->
    </test> <!-- Login page Test - Chrome -->
    <test name="Login page Test --FF" duration-ms="51514" started-at="2020-12-11T05:21:01Z" finished-at="2020-12-11T05:21:52Z">
      <class name="com.qa.newtours.test.LoginPageTest">
        <test-method status="PASS" signature="setUp(java.lang.String)[pri:0, instance:com.qa.newtours.test.LoginPageTest@22d6cac2]" name="setUp" is-config="true" duration-ms="29902" started-at="2020-12-11T05:21:01Z" finished-at="2020-12-11T05:21:31Z">
          <params>
            <param index="0">
              <value>
                <![CDATA[firefox]]>
              </value>
            </param>
          </params>
          <reporter-output>
          </reporter-output>
        </test-method> <!-- setUp -->
        <test-method status="PASS" signature="verifyLoginPageTitleTest()[pri:1, instance:com.qa.newtours.test.LoginPageTest@22d6cac2]" name="verifyLoginPageTitleTest" duration-ms="72" started-at="2020-12-11T05:21:31Z" finished-at="2020-12-11T05:21:31Z">
          <reporter-output>
          </reporter-output>
        </test-method> <!-- verifyLoginPageTitleTest -->
        <test-method status="PASS" signature="verifySignUpLinkTest()[pri:2, instance:com.qa.newtours.test.LoginPageTest@22d6cac2]" name="verifySignUpLinkTest" duration-ms="1756" started-at="2020-12-11T05:21:31Z" finished-at="2020-12-11T05:21:32Z">
          <reporter-output>
          </reporter-output>
        </test-method> <!-- verifySignUpLinkTest -->
        <test-method status="PASS" signature="loginTest()[pri:3, instance:com.qa.newtours.test.LoginPageTest@22d6cac2]" name="loginTest" duration-ms="5761" started-at="2020-12-11T05:21:32Z" finished-at="2020-12-11T05:21:38Z">
          <reporter-output>
          </reporter-output>
        </test-method> <!-- loginTest -->
        <test-method status="PASS" signature="tearDown()[pri:0, instance:com.qa.newtours.test.LoginPageTest@22d6cac2]" name="tearDown" is-config="true" duration-ms="13990" started-at="2020-12-11T05:21:38Z" finished-at="2020-12-11T05:21:52Z">
          <reporter-output>
          </reporter-output>
        </test-method> <!-- tearDown -->
      </class> <!-- com.qa.newtours.test.LoginPageTest -->
    </test> <!-- Login page Test -FF -->
  </suite> <!-- Suite -->
</testng-results>
