<?xml version="1.0" encoding="UTF-8"?>
<testng-results skipped="0" failed="0" ignored="0" total="4" passed="4">
  <reporter-output>
  </reporter-output>
  <suite name="Suite" duration-ms="67385" started-at="2020-12-11T04:51:11Z" finished-at="2020-12-11T04:52:18Z">
    <groups>
    </groups>
    <test name="Registration Test Chrome" duration-ms="40432" started-at="2020-12-11T04:51:11Z" finished-at="2020-12-11T04:51:51Z">
      <class name="com.qa.newtours.test.RegisterPageTest">
        <test-method status="PASS" signature="setUp(java.lang.String)[pri:0, instance:com.qa.newtours.test.RegisterPageTest@7ee55e70]" name="setUp" is-config="true" duration-ms="12348" started-at="2020-12-11T04:51:11Z" finished-at="2020-12-11T04:51:23Z">
          <params>
            <param index="0">
              <value>
                <![CDATA[chrome]]>
              </value>
            </param>
          </params>
          <reporter-output>
          </reporter-output>
        </test-method> <!-- setUp -->
        <test-method status="PASS" signature="userRegistrationTest()[pri:1, instance:com.qa.newtours.test.RegisterPageTest@7ee55e70]" name="userRegistrationTest" duration-ms="25670" started-at="2020-12-11T04:51:23Z" finished-at="2020-12-11T04:51:49Z">
          <reporter-output>
          </reporter-output>
        </test-method> <!-- userRegistrationTest -->
        <test-method status="PASS" signature="registrationMessage()[pri:2, instance:com.qa.newtours.test.RegisterPageTest@7ee55e70]" name="registrationMessage" duration-ms="1066" started-at="2020-12-11T04:51:49Z" finished-at="2020-12-11T04:51:50Z">
          <reporter-output>
          </reporter-output>
        </test-method> <!-- registrationMessage -->
        <test-method status="PASS" signature="tearDown()[pri:0, instance:com.qa.newtours.test.RegisterPageTest@7ee55e70]" name="tearDown" is-config="true" duration-ms="739" started-at="2020-12-11T04:51:50Z" finished-at="2020-12-11T04:51:51Z">
          <reporter-output>
          </reporter-output>
        </test-method> <!-- tearDown -->
      </class> <!-- com.qa.newtours.test.RegisterPageTest -->
    </test> <!-- Registration Test Chrome -->
    <test name="Registration Test firefox" duration-ms="67385" started-at="2020-12-11T04:51:11Z" finished-at="2020-12-11T04:52:18Z">
      <class name="com.qa.newtours.test.RegisterPageTest">
        <test-method status="PASS" signature="setUp(java.lang.String)[pri:0, instance:com.qa.newtours.test.RegisterPageTest@742d4e15]" name="setUp" is-config="true" duration-ms="33250" started-at="2020-12-11T04:51:11Z" finished-at="2020-12-11T04:51:44Z">
          <params>
            <param index="0">
              <value>
                <![CDATA[firefox]]>
              </value>
            </param>
          </params>
          <reporter-output>
          </reporter-output>
        </test-method> <!-- setUp -->
        <test-method status="PASS" signature="userRegistrationTest()[pri:1, instance:com.qa.newtours.test.RegisterPageTest@742d4e15]" name="userRegistrationTest" duration-ms="20891" started-at="2020-12-11T04:51:44Z" finished-at="2020-12-11T04:52:05Z">
          <reporter-output>
          </reporter-output>
        </test-method> <!-- userRegistrationTest -->
        <test-method status="PASS" signature="registrationMessage()[pri:2, instance:com.qa.newtours.test.RegisterPageTest@742d4e15]" name="registrationMessage" duration-ms="1103" started-at="2020-12-11T04:52:05Z" finished-at="2020-12-11T04:52:06Z">
          <reporter-output>
          </reporter-output>
        </test-method> <!-- registrationMessage -->
        <test-method status="PASS" signature="tearDown()[pri:0, instance:com.qa.newtours.test.RegisterPageTest@742d4e15]" name="tearDown" is-config="true" duration-ms="12102" started-at="2020-12-11T04:52:06Z" finished-at="2020-12-11T04:52:18Z">
          <reporter-output>
          </reporter-output>
        </test-method> <!-- tearDown -->
      </class> <!-- com.qa.newtours.test.RegisterPageTest -->
    </test> <!-- Registration Test firefox -->
  </suite> <!-- Suite -->
</testng-results>
