<?xml version="1.0" encoding="UTF-8"?>
<testng-results skipped="0" failed="0" ignored="0" total="6" passed="6">
  <reporter-output>
  </reporter-output>
  <suite name="Suite" duration-ms="104842" started-at="2020-12-09T21:55:33Z" finished-at="2020-12-09T21:57:18Z">
    <groups>
    </groups>
    <test name="Login page Test - Chrome" duration-ms="88001" started-at="2020-12-09T21:55:33Z" finished-at="2020-12-09T21:57:01Z">
      <class name="com.qa.newtours.test.LoginPageTest">
        <test-method status="PASS" signature="setUp(java.lang.String)[pri:0, instance:com.qa.newtours.test.LoginPageTest@4482469c]" name="setUp" is-config="true" duration-ms="47336" started-at="2020-12-09T21:55:33Z" finished-at="2020-12-09T21:56:21Z">
          <params>
            <param index="0">
              <value>
                <![CDATA[chrome]]>
              </value>
            </param>
          </params>
          <reporter-output>
          </reporter-output>
        </test-method> <!-- setUp -->
        <test-method status="PASS" signature="verifyLoginPageTitleTest()[pri:1, instance:com.qa.newtours.test.LoginPageTest@4482469c]" name="verifyLoginPageTitleTest" duration-ms="501" started-at="2020-12-09T21:56:21Z" finished-at="2020-12-09T21:56:21Z">
          <reporter-output>
          </reporter-output>
        </test-method> <!-- verifyLoginPageTitleTest -->
        <test-method status="PASS" signature="verifySignUpLinkTest()[pri:2, instance:com.qa.newtours.test.LoginPageTest@4482469c]" name="verifySignUpLinkTest" duration-ms="23972" started-at="2020-12-09T21:56:22Z" finished-at="2020-12-09T21:56:46Z">
          <reporter-output>
          </reporter-output>
        </test-method> <!-- verifySignUpLinkTest -->
        <test-method status="PASS" signature="loginTest()[pri:3, instance:com.qa.newtours.test.LoginPageTest@4482469c]" name="loginTest" duration-ms="15521" started-at="2020-12-09T21:56:46Z" finished-at="2020-12-09T21:57:01Z">
          <reporter-output>
          </reporter-output>
        </test-method> <!-- loginTest -->
        <test-method status="PASS" signature="tearDown()[pri:0, instance:com.qa.newtours.test.LoginPageTest@4482469c]" name="tearDown" is-config="true" duration-ms="176" started-at="2020-12-09T21:57:01Z" finished-at="2020-12-09T21:57:01Z">
          <reporter-output>
          </reporter-output>
        </test-method> <!-- tearDown -->
      </class> <!-- com.qa.newtours.test.LoginPageTest -->
    </test> <!-- Login page Test - Chrome -->
    <test name="Login page Test --FF" duration-ms="104842" started-at="2020-12-09T21:55:33Z" finished-at="2020-12-09T21:57:18Z">
      <class name="com.qa.newtours.test.LoginPageTest">
        <test-method status="PASS" signature="setUp(java.lang.String)[pri:0, instance:com.qa.newtours.test.LoginPageTest@272a179c]" name="setUp" is-config="true" duration-ms="75275" started-at="2020-12-09T21:55:33Z" finished-at="2020-12-09T21:56:49Z">
          <params>
            <param index="0">
              <value>
                <![CDATA[firefox]]>
              </value>
            </param>
          </params>
          <reporter-output>
          </reporter-output>
        </test-method> <!-- setUp -->
        <test-method status="PASS" signature="verifyLoginPageTitleTest()[pri:1, instance:com.qa.newtours.test.LoginPageTest@272a179c]" name="verifyLoginPageTitleTest" duration-ms="708" started-at="2020-12-09T21:56:49Z" finished-at="2020-12-09T21:56:49Z">
          <reporter-output>
          </reporter-output>
        </test-method> <!-- verifyLoginPageTitleTest -->
        <test-method status="PASS" signature="verifySignUpLinkTest()[pri:2, instance:com.qa.newtours.test.LoginPageTest@272a179c]" name="verifySignUpLinkTest" duration-ms="5824" started-at="2020-12-09T21:56:49Z" finished-at="2020-12-09T21:56:55Z">
          <reporter-output>
          </reporter-output>
        </test-method> <!-- verifySignUpLinkTest -->
        <test-method status="PASS" signature="loginTest()[pri:3, instance:com.qa.newtours.test.LoginPageTest@272a179c]" name="loginTest" duration-ms="21213" started-at="2020-12-09T21:56:55Z" finished-at="2020-12-09T21:57:16Z">
          <reporter-output>
          </reporter-output>
        </test-method> <!-- loginTest -->
        <test-method status="PASS" signature="tearDown()[pri:0, instance:com.qa.newtours.test.LoginPageTest@272a179c]" name="tearDown" is-config="true" duration-ms="1784" started-at="2020-12-09T21:57:16Z" finished-at="2020-12-09T21:57:18Z">
          <reporter-output>
          </reporter-output>
        </test-method> <!-- tearDown -->
      </class> <!-- com.qa.newtours.test.LoginPageTest -->
    </test> <!-- Login page Test -FF -->
  </suite> <!-- Suite -->
</testng-results>
